[ERROR] 2019-11-13 19:12:31,836 com.webtest.utils.Log - com.webtest.demo.Admin_Login@33a10788-testLoginFail运行失败，需要截屏
[ERROR] 2019-11-13 19:47:36,767 com.webtest.utils.Log - com.webtest.demo.Admin_Login@33a10788-testLoginFail运行失败，需要截屏
[ERROR] 2019-11-13 19:47:46,387 com.webtest.utils.Log - com.webtest.demo.Admin_Login@33a10788-testLoginSuccess运行失败，需要截屏
[ERROR] 2019-11-13 19:51:31,221 com.webtest.utils.Log - com.webtest.demo.Admin_Login@33a10788-testLoginFail运行失败，需要截屏
[ERROR] 2019-11-13 19:56:49,326 com.webtest.utils.Log - com.webtest.demo.Admin_Login@33a10788-testLoginFail运行失败，需要截屏
[ERROR] 2019-11-13 20:06:19,967 com.webtest.utils.Log - com.webtest.demo.Admin_Login@33a10788-testLoginFail运行失败，需要截屏
[ERROR] 2019-11-28 08:28:19,059 com.webtest.utils.Log - com.webtest.demo.Admin_Login@33a10788-testLoginFail运行失败，需要截屏
[ERROR] 2019-11-28 08:28:21,447 com.webtest.utils.Log - com.webtest.demo.Admin_Login@33a10788-testLoginSuccess运行失败，需要截屏
[ERROR] 2019-11-28 08:40:52,016 com.webtest.utils.Log - com.webtest.demo.Admin_Login@33a10788-testLoginFail运行失败，需要截屏
[ERROR] 2019-12-18 11:12:42,172 com.webtest.utils.Log - com.webtest.demo.Admin_Login@33a10788-testLoginFail运行失败，需要截屏
[ERROR] 2019-12-18 11:17:10,703 com.webtest.utils.Log - com.webtest.demo.Admin_Login@33a10788-testLoginFail运行失败，需要截屏
[ERROR] 2019-12-18 14:14:10,102 com.webtest.utils.Log - com.webtest.demo.Admin_Login@33a10788-testLoginFail运行失败，需要截屏
[ERROR] 2019-12-18 14:19:23,321 com.webtest.utils.Log - com.webtest.demo.Admin_Login@33a10788-testLoginFail运行失败，需要截屏
[ERROR] 2019-12-18 14:23:46,756 com.webtest.utils.Log - com.webtest.demo.Admin_Login@33a10788-testLoginFail运行失败，需要截屏
[ERROR] 2019-12-18 14:38:31,359 com.webtest.utils.Log - com.webtest.demo.Admin_Login@33a10788-testLoginFail运行失败，需要截屏
[ERROR] 2019-12-18 14:46:00,652 com.webtest.utils.Log - com.webtest.demo.Admin_Login@33a10788-testLoginFail运行失败，需要截屏
[ERROR] 2019-12-18 14:52:43,073 com.webtest.utils.Log - com.webtest.demo.Admin_Login@33a10788-testLoginFail运行失败，需要截屏
[ERROR] 2019-12-18 14:57:54,967 com.webtest.utils.Log - com.webtest.demo.Admin_Login@33a10788-testLoginFail运行失败，需要截屏
[ERROR] 2019-12-18 15:03:59,874 com.webtest.utils.Log - com.webtest.demo.Admin_Login@33a10788-testLoginFail运行失败，需要截屏
[ERROR] 2019-12-18 15:08:34,768 com.webtest.utils.Log - com.webtest.demo.Admin_Login@33a10788-testLoginFail运行失败，需要截屏
[ERROR] 2019-12-18 15:14:34,562 com.webtest.utils.Log - com.webtest.demo.Admin_Login@33a10788-testLoginFail运行失败，需要截屏
[ERROR] 2019-12-18 15:44:04,201 com.webtest.utils.Log - com.webtest.demo.Admin_Login@33a10788-testLoginFail运行失败，需要截屏
[ERROR] 2019-12-18 15:55:33,306 com.webtest.utils.Log - com.webtest.demo.Admin_Login@33a10788-testLoginFail运行失败，需要截屏
[ERROR] 2019-12-18 15:57:39,680 com.webtest.utils.Log - com.webtest.demo.Admin_Login@33a10788-testLoginFail运行失败，需要截屏
[ERROR] 2019-12-18 16:14:54,984 com.webtest.utils.Log - com.webtest.demo.Admin_Login@33a10788-testLoginFail运行失败，需要截屏
[ERROR] 2019-12-18 16:17:18,396 com.webtest.utils.Log - com.webtest.demo.Admin_Login@33a10788-testLoginFail运行失败，需要截屏
[ERROR] 2019-12-18 16:22:31,710 com.webtest.utils.Log - com.webtest.demo.Admin_Login@33a10788-testLoginFail运行失败，需要截屏
[ERROR] 2019-12-18 19:30:24,580 com.webtest.utils.Log - com.webtest.ranzhicase.BackManageTestCases@1888ff2c-atestplan运行失败，需要截屏
[ERROR] 2019-12-18 19:30:24,729 com.webtest.utils.Log - com.webtest.ranzhicase.BackManageTestCases@1888ff2c-atestplan运行失败，需要截屏
[ERROR] 2019-12-18 19:37:15,214 com.webtest.utils.Log - com.webtest.ranzhicase.BackManageTestCases@1888ff2c-testApplication运行失败，需要截屏
[ERROR] 2019-12-18 19:37:15,561 com.webtest.utils.Log - com.webtest.ranzhicase.BackManageTestCases@1888ff2c-testApplication运行失败，需要截屏
[ERROR] 2019-12-18 19:37:15,716 com.webtest.utils.Log - com.webtest.ranzhicase.BackManageTestCases@1888ff2c-testApplication运行失败，需要截屏
[ERROR] 2019-12-18 19:37:15,889 com.webtest.utils.Log - com.webtest.ranzhicase.BackManageTestCases@1888ff2c-testApplication运行失败，需要截屏
[ERROR] 2019-12-18 19:37:16,151 com.webtest.utils.Log - com.webtest.ranzhicase.BackManageTestCases@1888ff2c-testApplication运行失败，需要截屏
[ERROR] 2019-12-18 19:37:16,283 com.webtest.utils.Log - com.webtest.ranzhicase.BackManageTestCases@1888ff2c-testApplication运行失败，需要截屏
[ERROR] 2019-12-18 19:40:39,302 com.webtest.utils.Log - com.webtest.ranzhicase.CashAccountTestCases@35851384-addspend运行失败，需要截屏
[ERROR] 2019-12-18 19:40:39,814 com.webtest.utils.Log - com.webtest.ranzhicase.CashAccountTestCases@35851384-addspend运行失败，需要截屏
[ERROR] 2019-12-18 19:40:55,862 com.webtest.utils.Log - com.webtest.ranzhicase.CashAccountTestCases@35851384-addspend运行失败，需要截屏
[ERROR] 2019-12-18 19:40:56,285 com.webtest.utils.Log - com.webtest.ranzhicase.CashAccountTestCases@35851384-addspend运行失败，需要截屏
[ERROR] 2019-12-18 19:40:57,260 com.webtest.utils.Log - com.webtest.ranzhicase.CashAccountTestCases@35851384-addspend运行失败，需要截屏
[ERROR] 2019-12-18 19:40:58,637 com.webtest.utils.Log - com.webtest.ranzhicase.CashAccountTestCases@35851384-checkaccount运行失败，需要截屏
[ERROR] 2019-12-18 19:41:00,153 com.webtest.utils.Log - com.webtest.ranzhicase.CashAccountTestCases@35851384-demo02运行失败，需要截屏
[ERROR] 2019-12-18 19:41:00,607 com.webtest.utils.Log - com.webtest.ranzhicase.CashAccountTestCases@35851384-demo03运行失败，需要截屏
[ERROR] 2019-12-18 19:41:20,840 com.webtest.utils.Log - com.webtest.ranzhicase.CashAccountTestCases@35851384-demo11运行失败，需要截屏
[ERROR] 2019-12-18 19:42:41,257 com.webtest.utils.Log - com.webtest.ranzhicase.CashAccountTestCases@35851384-demo20运行失败，需要截屏
[ERROR] 2019-12-18 19:42:42,561 com.webtest.utils.Log - com.webtest.ranzhicase.CashAccountTestCases@35851384-demo22运行失败，需要截屏
[ERROR] 2019-12-18 19:42:42,906 com.webtest.utils.Log - com.webtest.ranzhicase.CashAccountTestCases@35851384-demo23运行失败，需要截屏
[ERROR] 2019-12-18 19:42:43,361 com.webtest.utils.Log - com.webtest.ranzhicase.CashAccountTestCases@35851384-demo24运行失败，需要截屏
[ERROR] 2019-12-18 19:43:11,987 com.webtest.utils.Log - com.webtest.ranzhicase.CashAccountTestCases@35851384-demo27运行失败，需要截屏
[ERROR] 2019-12-18 19:43:12,059 com.webtest.utils.Log - com.webtest.ranzhicase.CashAccountTestCases@35851384-demo28运行失败，需要截屏
[ERROR] 2019-12-18 19:43:12,112 com.webtest.utils.Log - com.webtest.ranzhicase.CashAccountTestCases@35851384-demo29运行失败，需要截屏
[ERROR] 2019-12-18 19:43:24,502 com.webtest.utils.Log - com.webtest.ranzhicase.CashAccountTestCases@35851384-testmoney运行失败，需要截屏
[ERROR] 2019-12-18 19:43:24,559 com.webtest.utils.Log - com.webtest.ranzhicase.CashAccountTestCases@35851384-testmoney运行失败，需要截屏
[ERROR] 2019-12-18 19:43:24,655 com.webtest.utils.Log - com.webtest.ranzhicase.CashAccountTestCases@35851384-testmoney运行失败，需要截屏
[ERROR] 2019-12-18 19:43:24,740 com.webtest.utils.Log - com.webtest.ranzhicase.CashAccountTestCases@35851384-testmoney运行失败，需要截屏
[ERROR] 2019-12-18 19:43:24,795 com.webtest.utils.Log - com.webtest.ranzhicase.CashAccountTestCases@35851384-testmoney运行失败，需要截屏
[ERROR] 2019-12-18 19:43:24,902 com.webtest.utils.Log - com.webtest.ranzhicase.CashAccountTestCases@35851384-touzi运行失败，需要截屏
[ERROR] 2019-12-18 19:43:24,992 com.webtest.utils.Log - com.webtest.ranzhicase.CashAccountTestCases@35851384-touzi运行失败，需要截屏
[ERROR] 2019-12-18 19:43:25,066 com.webtest.utils.Log - com.webtest.ranzhicase.CashAccountTestCases@35851384-touzi运行失败，需要截屏
[ERROR] 2019-12-18 19:43:25,121 com.webtest.utils.Log - com.webtest.ranzhicase.CashAccountTestCases@35851384-touzi运行失败，需要截屏
[ERROR] 2019-12-18 19:43:25,175 com.webtest.utils.Log - com.webtest.ranzhicase.CashAccountTestCases@35851384-touzi运行失败，需要截屏
[ERROR] 2019-12-18 19:44:12,971 com.webtest.utils.Log - com.webtest.ranzhicase.CustomerManageTestCases@649d209a-LoginFail运行失败，需要截屏
[ERROR] 2019-12-18 19:46:05,941 com.webtest.utils.Log - com.webtest.ranzhicase.CustomerManageTestCases@649d209a-test07运行失败，需要截屏
[ERROR] 2019-12-18 19:53:58,798 com.webtest.utils.Log - com.webtest.ranzhicase.CustomerManageTestCases@649d209a-test33运行失败，需要截屏
[ERROR] 2019-12-18 19:54:20,822 com.webtest.utils.Log - com.webtest.ranzhicase.CustomerManageTestCases@649d209a-test34运行失败，需要截屏
[ERROR] 2019-12-18 20:07:40,833 com.webtest.utils.Log - com.webtest.ranzhicase.MyTerritoryTestCases@357246de-test35运行失败，需要截屏
[ERROR] 2019-12-18 20:07:44,139 com.webtest.utils.Log - com.webtest.ranzhicase.MyTerritoryTestCases@357246de-test36运行失败，需要截屏
[ERROR] 2019-12-18 20:12:10,562 com.webtest.utils.Log - com.webtest.ranzhicase.OtherTestCases@28f67ac7-testTeam21运行失败，需要截屏
[ERROR] 2019-12-18 20:12:12,546 com.webtest.utils.Log - com.webtest.ranzhicase.OtherTestCases@28f67ac7-testTeam22运行失败，需要截屏
[ERROR] 2019-12-18 20:12:17,696 com.webtest.utils.Log - com.webtest.ranzhicase.OtherTestCases@28f67ac7-testTeam23运行失败，需要截屏
[ERROR] 2019-12-18 20:12:23,597 com.webtest.utils.Log - com.webtest.ranzhicase.OtherTestCases@28f67ac7-testTeam24运行失败，需要截屏
[ERROR] 2019-12-18 20:12:29,125 com.webtest.utils.Log - com.webtest.ranzhicase.OtherTestCases@28f67ac7-testTeam25运行失败，需要截屏
[ERROR] 2019-12-18 20:12:34,639 com.webtest.utils.Log - com.webtest.ranzhicase.OtherTestCases@28f67ac7-testTeam26运行失败，需要截屏
[ERROR] 2019-12-18 20:12:41,399 com.webtest.utils.Log - com.webtest.ranzhicase.OtherTestCases@28f67ac7-testTeam27运行失败，需要截屏
[ERROR] 2019-12-18 20:12:47,649 com.webtest.utils.Log - com.webtest.ranzhicase.OtherTestCases@28f67ac7-testTeam28运行失败，需要截屏
[ERROR] 2019-12-18 20:12:52,918 com.webtest.utils.Log - com.webtest.ranzhicase.OtherTestCases@28f67ac7-testTeam29运行失败，需要截屏
[ERROR] 2019-12-18 20:13:00,412 com.webtest.utils.Log - com.webtest.ranzhicase.OtherTestCases@28f67ac7-testTeam30运行失败，需要截屏
[ERROR] 2019-12-18 20:13:09,564 com.webtest.utils.Log - com.webtest.ranzhicase.OtherTestCases@28f67ac7-testTeam31运行失败，需要截屏
[ERROR] 2019-12-18 20:13:15,364 com.webtest.utils.Log - com.webtest.ranzhicase.OtherTestCases@28f67ac7-testTeam32运行失败，需要截屏
[ERROR] 2019-12-18 20:13:20,561 com.webtest.utils.Log - com.webtest.ranzhicase.OtherTestCases@28f67ac7-testTeam33运行失败，需要截屏
[ERROR] 2019-12-18 20:13:26,168 com.webtest.utils.Log - com.webtest.ranzhicase.OtherTestCases@28f67ac7-testTeam34运行失败，需要截屏
[ERROR] 2019-12-18 20:13:32,445 com.webtest.utils.Log - com.webtest.ranzhicase.OtherTestCases@28f67ac7-testTeam35运行失败，需要截屏
[ERROR] 2019-12-18 20:13:37,604 com.webtest.utils.Log - com.webtest.ranzhicase.OtherTestCases@28f67ac7-testTeam36运行失败，需要截屏
[ERROR] 2019-12-18 20:13:42,895 com.webtest.utils.Log - com.webtest.ranzhicase.OtherTestCases@28f67ac7-testTeam38运行失败，需要截屏
[ERROR] 2019-12-18 20:13:48,114 com.webtest.utils.Log - com.webtest.ranzhicase.OtherTestCases@28f67ac7-testTeam39运行失败，需要截屏
[ERROR] 2019-12-18 20:13:53,263 com.webtest.utils.Log - com.webtest.ranzhicase.OtherTestCases@28f67ac7-testTeam40运行失败，需要截屏
[ERROR] 2019-12-18 20:13:58,399 com.webtest.utils.Log - com.webtest.ranzhicase.OtherTestCases@28f67ac7-testTeam41运行失败，需要截屏
[ERROR] 2019-12-18 20:14:03,875 com.webtest.utils.Log - com.webtest.ranzhicase.OtherTestCases@28f67ac7-testTeam42运行失败，需要截屏
[ERROR] 2019-12-18 20:14:09,145 com.webtest.utils.Log - com.webtest.ranzhicase.OtherTestCases@28f67ac7-testTeam43运行失败，需要截屏
[ERROR] 2019-12-18 20:14:14,315 com.webtest.utils.Log - com.webtest.ranzhicase.OtherTestCases@28f67ac7-testTeam44运行失败，需要截屏
[ERROR] 2019-12-18 20:14:19,990 com.webtest.utils.Log - com.webtest.ranzhicase.OtherTestCases@28f67ac7-testTeam45运行失败，需要截屏
[ERROR] 2019-12-18 20:14:25,270 com.webtest.utils.Log - com.webtest.ranzhicase.OtherTestCases@28f67ac7-testTeam46运行失败，需要截屏
[ERROR] 2019-12-18 20:14:30,966 com.webtest.utils.Log - com.webtest.ranzhicase.OtherTestCases@28f67ac7-testTeam47运行失败，需要截屏
[ERROR] 2019-12-18 20:14:36,145 com.webtest.utils.Log - com.webtest.ranzhicase.OtherTestCases@28f67ac7-testTeam48运行失败，需要截屏
[ERROR] 2019-12-18 22:47:27,573 com.webtest.utils.Log - com.webtest.ranzhicase.BackManageTestCases@1888ff2c-testApplication运行失败，需要截屏
[ERROR] 2019-12-18 22:47:28,468 com.webtest.utils.Log - com.webtest.ranzhicase.BackManageTestCases@1888ff2c-testApplication运行失败，需要截屏
[ERROR] 2019-12-18 22:47:28,616 com.webtest.utils.Log - com.webtest.ranzhicase.BackManageTestCases@1888ff2c-testApplication运行失败，需要截屏
[ERROR] 2019-12-18 22:47:28,770 com.webtest.utils.Log - com.webtest.ranzhicase.BackManageTestCases@1888ff2c-testApplication运行失败，需要截屏
[ERROR] 2019-12-18 22:47:28,872 com.webtest.utils.Log - com.webtest.ranzhicase.BackManageTestCases@1888ff2c-testApplication运行失败，需要截屏
[ERROR] 2019-12-18 22:47:28,981 com.webtest.utils.Log - com.webtest.ranzhicase.BackManageTestCases@1888ff2c-testApplication运行失败，需要截屏
[ERROR] 2019-12-18 22:50:30,201 com.webtest.utils.Log - com.webtest.ranzhicase.CashAccountTestCases@35851384-addspend运行失败，需要截屏
[ERROR] 2019-12-18 22:50:30,798 com.webtest.utils.Log - com.webtest.ranzhicase.CashAccountTestCases@35851384-addspend运行失败，需要截屏
[ERROR] 2019-12-18 22:50:31,548 com.webtest.utils.Log - com.webtest.ranzhicase.CashAccountTestCases@35851384-addspend运行失败，需要截屏
[ERROR] 2019-12-18 22:50:32,168 com.webtest.utils.Log - com.webtest.ranzhicase.CashAccountTestCases@35851384-addspend运行失败，需要截屏
[ERROR] 2019-12-18 22:50:32,751 com.webtest.utils.Log - com.webtest.ranzhicase.CashAccountTestCases@35851384-addspend运行失败，需要截屏
[ERROR] 2019-12-18 22:50:33,087 com.webtest.utils.Log - com.webtest.ranzhicase.CashAccountTestCases@35851384-checkaccount运行失败，需要截屏
[ERROR] 2019-12-18 22:50:34,014 com.webtest.utils.Log - com.webtest.ranzhicase.CashAccountTestCases@35851384-demo02运行失败，需要截屏
[ERROR] 2019-12-18 22:50:34,652 com.webtest.utils.Log - com.webtest.ranzhicase.CashAccountTestCases@35851384-demo03运行失败，需要截屏
[ERROR] 2019-12-18 22:50:43,743 com.webtest.utils.Log - com.webtest.ranzhicase.CashAccountTestCases@35851384-demo11运行失败，需要截屏
[ERROR] 2019-12-18 22:51:24,748 com.webtest.utils.Log - com.webtest.ranzhicase.CashAccountTestCases@35851384-demo20运行失败，需要截屏
[ERROR] 2019-12-18 22:51:25,739 com.webtest.utils.Log - com.webtest.ranzhicase.CashAccountTestCases@35851384-demo22运行失败，需要截屏
[ERROR] 2019-12-18 22:51:26,020 com.webtest.utils.Log - com.webtest.ranzhicase.CashAccountTestCases@35851384-demo23运行失败，需要截屏
[ERROR] 2019-12-18 22:51:26,299 com.webtest.utils.Log - com.webtest.ranzhicase.CashAccountTestCases@35851384-demo24运行失败，需要截屏
[ERROR] 2019-12-18 22:51:44,834 com.webtest.utils.Log - com.webtest.ranzhicase.CashAccountTestCases@35851384-demo27运行失败，需要截屏
[ERROR] 2019-12-18 22:51:44,893 com.webtest.utils.Log - com.webtest.ranzhicase.CashAccountTestCases@35851384-demo28运行失败，需要截屏
[ERROR] 2019-12-18 22:51:44,940 com.webtest.utils.Log - com.webtest.ranzhicase.CashAccountTestCases@35851384-demo29运行失败，需要截屏
[ERROR] 2019-12-18 22:51:55,140 com.webtest.utils.Log - com.webtest.ranzhicase.CashAccountTestCases@35851384-testmoney运行失败，需要截屏
[ERROR] 2019-12-18 22:51:55,192 com.webtest.utils.Log - com.webtest.ranzhicase.CashAccountTestCases@35851384-testmoney运行失败，需要截屏
[ERROR] 2019-12-18 22:51:55,238 com.webtest.utils.Log - com.webtest.ranzhicase.CashAccountTestCases@35851384-testmoney运行失败，需要截屏
[ERROR] 2019-12-18 22:51:55,292 com.webtest.utils.Log - com.webtest.ranzhicase.CashAccountTestCases@35851384-testmoney运行失败，需要截屏
[ERROR] 2019-12-18 22:51:55,345 com.webtest.utils.Log - com.webtest.ranzhicase.CashAccountTestCases@35851384-testmoney运行失败，需要截屏
[ERROR] 2019-12-18 22:51:55,452 com.webtest.utils.Log - com.webtest.ranzhicase.CashAccountTestCases@35851384-touzi运行失败，需要截屏
[ERROR] 2019-12-18 22:51:55,507 com.webtest.utils.Log - com.webtest.ranzhicase.CashAccountTestCases@35851384-touzi运行失败，需要截屏
[ERROR] 2019-12-18 22:51:55,561 com.webtest.utils.Log - com.webtest.ranzhicase.CashAccountTestCases@35851384-touzi运行失败，需要截屏
[ERROR] 2019-12-18 22:51:55,633 com.webtest.utils.Log - com.webtest.ranzhicase.CashAccountTestCases@35851384-touzi运行失败，需要截屏
[ERROR] 2019-12-18 22:51:55,687 com.webtest.utils.Log - com.webtest.ranzhicase.CashAccountTestCases@35851384-touzi运行失败，需要截屏
[ERROR] 2019-12-18 22:52:40,598 com.webtest.utils.Log - com.webtest.ranzhicase.CustomerManageTestCases@649d209a-LoginFail运行失败，需要截屏
[ERROR] 2019-12-18 22:54:29,739 com.webtest.utils.Log - com.webtest.ranzhicase.CustomerManageTestCases@649d209a-test07运行失败，需要截屏
[ERROR] 2019-12-18 23:01:50,771 com.webtest.utils.Log - com.webtest.ranzhicase.CustomerManageTestCases@649d209a-test33运行失败，需要截屏
[ERROR] 2019-12-18 23:02:11,801 com.webtest.utils.Log - com.webtest.ranzhicase.CustomerManageTestCases@649d209a-test34运行失败，需要截屏
[ERROR] 2019-12-18 23:21:56,426 com.webtest.utils.Log - com.webtest.ranzhicase.OtherTestCases@28f67ac7-testTeam21运行失败，需要截屏
[ERROR] 2019-12-18 23:21:57,248 com.webtest.utils.Log - com.webtest.ranzhicase.OtherTestCases@28f67ac7-testTeam22运行失败，需要截屏
[ERROR] 2019-12-18 23:22:02,575 com.webtest.utils.Log - com.webtest.ranzhicase.OtherTestCases@28f67ac7-testTeam23运行失败，需要截屏
[ERROR] 2019-12-18 23:22:07,843 com.webtest.utils.Log - com.webtest.ranzhicase.OtherTestCases@28f67ac7-testTeam24运行失败，需要截屏
[ERROR] 2019-12-18 23:22:13,021 com.webtest.utils.Log - com.webtest.ranzhicase.OtherTestCases@28f67ac7-testTeam25运行失败，需要截屏
[ERROR] 2019-12-18 23:22:19,260 com.webtest.utils.Log - com.webtest.ranzhicase.OtherTestCases@28f67ac7-testTeam26运行失败，需要截屏
[ERROR] 2019-12-18 23:22:24,513 com.webtest.utils.Log - com.webtest.ranzhicase.OtherTestCases@28f67ac7-testTeam27运行失败，需要截屏
[ERROR] 2019-12-18 23:22:29,684 com.webtest.utils.Log - com.webtest.ranzhicase.OtherTestCases@28f67ac7-testTeam28运行失败，需要截屏
[ERROR] 2019-12-18 23:22:34,840 com.webtest.utils.Log - com.webtest.ranzhicase.OtherTestCases@28f67ac7-testTeam29运行失败，需要截屏
[ERROR] 2019-12-18 23:22:40,277 com.webtest.utils.Log - com.webtest.ranzhicase.OtherTestCases@28f67ac7-testTeam30运行失败，需要截屏
[ERROR] 2019-12-18 23:22:45,405 com.webtest.utils.Log - com.webtest.ranzhicase.OtherTestCases@28f67ac7-testTeam31运行失败，需要截屏
[ERROR] 2019-12-18 23:22:50,613 com.webtest.utils.Log - com.webtest.ranzhicase.OtherTestCases@28f67ac7-testTeam32运行失败，需要截屏
[ERROR] 2019-12-18 23:22:56,011 com.webtest.utils.Log - com.webtest.ranzhicase.OtherTestCases@28f67ac7-testTeam33运行失败，需要截屏
[ERROR] 2019-12-18 23:23:01,218 com.webtest.utils.Log - com.webtest.ranzhicase.OtherTestCases@28f67ac7-testTeam34运行失败，需要截屏
[ERROR] 2019-12-18 23:23:06,620 com.webtest.utils.Log - com.webtest.ranzhicase.OtherTestCases@28f67ac7-testTeam35运行失败，需要截屏
[ERROR] 2019-12-18 23:23:11,796 com.webtest.utils.Log - com.webtest.ranzhicase.OtherTestCases@28f67ac7-testTeam36运行失败，需要截屏
[ERROR] 2019-12-18 23:23:16,977 com.webtest.utils.Log - com.webtest.ranzhicase.OtherTestCases@28f67ac7-testTeam38运行失败，需要截屏
[ERROR] 2019-12-18 23:23:22,462 com.webtest.utils.Log - com.webtest.ranzhicase.OtherTestCases@28f67ac7-testTeam39运行失败，需要截屏
[ERROR] 2019-12-18 23:23:28,223 com.webtest.utils.Log - com.webtest.ranzhicase.OtherTestCases@28f67ac7-testTeam40运行失败，需要截屏
[ERROR] 2019-12-18 23:23:33,416 com.webtest.utils.Log - com.webtest.ranzhicase.OtherTestCases@28f67ac7-testTeam41运行失败，需要截屏
[ERROR] 2019-12-18 23:23:38,656 com.webtest.utils.Log - com.webtest.ranzhicase.OtherTestCases@28f67ac7-testTeam42运行失败，需要截屏
[ERROR] 2019-12-18 23:23:43,888 com.webtest.utils.Log - com.webtest.ranzhicase.OtherTestCases@28f67ac7-testTeam43运行失败，需要截屏
[ERROR] 2019-12-18 23:23:49,177 com.webtest.utils.Log - com.webtest.ranzhicase.OtherTestCases@28f67ac7-testTeam44运行失败，需要截屏
[ERROR] 2019-12-18 23:23:54,440 com.webtest.utils.Log - com.webtest.ranzhicase.OtherTestCases@28f67ac7-testTeam45运行失败，需要截屏
[ERROR] 2019-12-18 23:23:59,647 com.webtest.utils.Log - com.webtest.ranzhicase.OtherTestCases@28f67ac7-testTeam46运行失败，需要截屏
[ERROR] 2019-12-18 23:24:04,791 com.webtest.utils.Log - com.webtest.ranzhicase.OtherTestCases@28f67ac7-testTeam47运行失败，需要截屏
[ERROR] 2019-12-18 23:24:09,984 com.webtest.utils.Log - com.webtest.ranzhicase.OtherTestCases@28f67ac7-testTeam48运行失败，需要截屏
